0 verbose cli C:\Program Files\nodejs\node.exe C:\Users\Liti\AppData\Roaming\npm\node_modules\npm\bin\npm-cli.js
0 verbose cli C:\Program Files\nodejs\node.exe C:\Users\Liti\AppData\Roaming\npm\node_modules\npm\bin\npm-cli.js
1 info using npm@11.11.1
1 info using npm@11.11.1
2 info using node@v22.17.0
2 info using node@v22.17.0
3 silly config load:file:C:\Users\Liti\AppData\Roaming\npm\node_modules\npm\npmrc
3 silly config load:file:C:\Users\Liti\AppData\Roaming\npm\node_modules\npm\npmrc
4 silly config load:file:D:\ProiecteLIT\Scout\scout-dashboard\.npmrc
4 silly config load:file:D:\ProiecteLIT\Scout\scout-dashboard\.npmrc
5 silly config load:file:C:\Users\Liti\.npmrc
5 silly config load:file:C:\Users\Liti\.npmrc
6 silly config load:file:C:\Users\Liti\AppData\Roaming\npm\etc\npmrc
6 silly config load:file:C:\Users\Liti\AppData\Roaming\npm\etc\npmrc
7 verbose title npm run build
7 verbose title npm run lint
8 verbose argv "run" "build"
8 verbose argv "run" "lint"
9 verbose logfile logs-max:10 dir:D:\ProiecteLIT\Scout\scout-dashboard\.npm-cache\_logs\2026-04-09T20_33_12_713Z-
9 verbose logfile logs-max:10 dir:D:\ProiecteLIT\Scout\scout-dashboard\.npm-cache\_logs\2026-04-09T20_33_12_713Z-
10 verbose logfile D:\ProiecteLIT\Scout\scout-dashboard\.npm-cache\_logs\2026-04-09T20_33_12_713Z-debug-0.log
10 verbose logfile D:\ProiecteLIT\Scout\scout-dashboard\.npm-cache\_logs\2026-04-09T20_33_12_713Z-debug-0.log
11 silly logfile start cleaning logs, removing 1 files
11 silly logfile start cleaning logs, removing 1 files
12 silly logfile done cleaning log files
12 silly logfile done cleaning log files
13 verbose cwd D:\ProiecteLIT\Scout\scout-dashboard
14 verbose os Windows_NT 10.0.26200
15 verbose node v22.17.0
16 verbose npm  v11.11.1
17 verbose exit 0
18 info ok
13 verbose cwd D:\ProiecteLIT\Scout\scout-dashboard
14 verbose os Windows_NT 10.0.26200
15 verbose node v22.17.0
16 verbose npm  v11.11.1
17 verbose exit 0
18 info ok
