0 verbose cli C:\Program Files\nodejs\node.exe C:\Users\Liti\AppData\Roaming\npm\node_modules\npm\bin\npm-cli.js
1 info using npm@11.11.1
2 info using node@v22.17.0
3 silly config load:file:C:\Users\Liti\AppData\Roaming\npm\node_modules\npm\npmrc
4 silly config load:file:D:\ProiecteLIT\Scout\scout-dashboard\.npmrc
5 silly config load:file:C:\Users\Liti\.npmrc
6 silly config load:file:C:\Users\Liti\AppData\Roaming\npm\etc\npmrc
7 verbose title npm install tsx
8 verbose argv "install" "--save-dev" "--ignore-scripts" "tsx"
9 verbose logfile logs-max:10 dir:D:\ProiecteLIT\Scout\scout-dashboard\.npm-cache\_logs\2026-04-09T20_34_36_586Z-
10 verbose logfile D:\ProiecteLIT\Scout\scout-dashboard\.npm-cache\_logs\2026-04-09T20_34_36_586Z-debug-0.log
11 silly logfile start cleaning logs, removing 1 files
12 silly packumentCache heap:4345298944 maxSize:1086324736 maxEntrySize:543162368
13 silly logfile done cleaning log files
14 silly idealTree buildDeps
15 silly fetch manifest tsx@*
16 silly packumentCache full:https://registry.npmjs.org/tsx cache-miss
17 verbose shrinkwrap failed to load node_modules/.package-lock.json out of date, updated: node_modules
18 http fetch GET 200 https://registry.npmjs.org/tsx 368ms (cache revalidated)
19 silly packumentCache full:https://registry.npmjs.org/tsx set size:289592 disposed:false
20 silly placeDep ROOT tsx@4.21.0 OK for: scout-dashboard@0.1.0 want: *
21 silly fetch manifest esbuild@~0.27.0
22 silly packumentCache full:https://registry.npmjs.org/esbuild cache-miss
23 http fetch GET 200 https://registry.npmjs.org/esbuild 76ms (cache revalidated)
24 silly packumentCache full:https://registry.npmjs.org/esbuild set size:1254708 disposed:false
25 silly placeDep ROOT esbuild@0.27.7 OK for: tsx@4.21.0 want: ~0.27.0
26 silly fetch manifest @esbuild/aix-ppc64@0.27.7
27 silly packumentCache full:https://registry.npmjs.org/@esbuild%2faix-ppc64 cache-miss
28 silly fetch manifest @esbuild/linux-arm@0.27.7
29 silly packumentCache full:https://registry.npmjs.org/@esbuild%2flinux-arm cache-miss
30 silly fetch manifest @esbuild/linux-x64@0.27.7
31 silly packumentCache full:https://registry.npmjs.org/@esbuild%2flinux-x64 cache-miss
32 silly fetch manifest @esbuild/sunos-x64@0.27.7
33 silly packumentCache full:https://registry.npmjs.org/@esbuild%2fsunos-x64 cache-miss
34 silly fetch manifest @esbuild/win32-x64@0.27.7
35 silly packumentCache full:https://registry.npmjs.org/@esbuild%2fwin32-x64 cache-miss
36 silly fetch manifest @esbuild/darwin-x64@0.27.7
37 silly packumentCache full:https://registry.npmjs.org/@esbuild%2fdarwin-x64 cache-miss
38 silly fetch manifest @esbuild/linux-ia32@0.27.7
39 silly packumentCache full:https://registry.npmjs.org/@esbuild%2flinux-ia32 cache-miss
40 silly fetch manifest @esbuild/netbsd-x64@0.27.7
41 silly packumentCache full:https://registry.npmjs.org/@esbuild%2fnetbsd-x64 cache-miss
42 silly fetch manifest @esbuild/win32-ia32@0.27.7
43 silly packumentCache full:https://registry.npmjs.org/@esbuild%2fwin32-ia32 cache-miss
44 silly fetch manifest @esbuild/android-arm@0.27.7
45 silly packumentCache full:https://registry.npmjs.org/@esbuild%2fandroid-arm cache-miss
46 silly fetch manifest @esbuild/android-x64@0.27.7
47 silly packumentCache full:https://registry.npmjs.org/@esbuild%2fandroid-x64 cache-miss
48 silly fetch manifest @esbuild/freebsd-x64@0.27.7
49 silly packumentCache full:https://registry.npmjs.org/@esbuild%2ffreebsd-x64 cache-miss
50 silly fetch manifest @esbuild/linux-arm64@0.27.7
51 silly packumentCache full:https://registry.npmjs.org/@esbuild%2flinux-arm64 cache-miss
52 silly fetch manifest @esbuild/linux-ppc64@0.27.7
53 silly packumentCache full:https://registry.npmjs.org/@esbuild%2flinux-ppc64 cache-miss
54 silly fetch manifest @esbuild/linux-s390x@0.27.7
55 silly packumentCache full:https://registry.npmjs.org/@esbuild%2flinux-s390x cache-miss
56 http fetch GET 200 https://registry.npmjs.org/@esbuild%2faix-ppc64 226ms (cache miss)
57 silly packumentCache full:https://registry.npmjs.org/@esbuild%2faix-ppc64 set size:undefined disposed:false
58 silly fetch manifest @esbuild/openbsd-x64@0.27.7
59 silly packumentCache full:https://registry.npmjs.org/@esbuild%2fopenbsd-x64 cache-miss
60 http fetch GET 200 https://registry.npmjs.org/@esbuild%2flinux-arm 306ms (cache miss)
61 silly packumentCache full:https://registry.npmjs.org/@esbuild%2flinux-arm set size:undefined disposed:false
62 silly fetch manifest @esbuild/win32-arm64@0.27.7
63 silly packumentCache full:https://registry.npmjs.org/@esbuild%2fwin32-arm64 cache-miss
64 http fetch GET 200 https://registry.npmjs.org/@esbuild%2fsunos-x64 334ms (cache miss)
65 silly packumentCache full:https://registry.npmjs.org/@esbuild%2fsunos-x64 set size:undefined disposed:false
66 silly fetch manifest @esbuild/darwin-arm64@0.27.7
67 silly packumentCache full:https://registry.npmjs.org/@esbuild%2fdarwin-arm64 cache-miss
68 http fetch GET 200 https://registry.npmjs.org/@esbuild%2flinux-arm64 401ms (cache miss)
69 silly packumentCache full:https://registry.npmjs.org/@esbuild%2flinux-arm64 set size:undefined disposed:false
70 silly fetch manifest @esbuild/netbsd-arm64@0.27.7
71 silly packumentCache full:https://registry.npmjs.org/@esbuild%2fnetbsd-arm64 cache-miss
72 http fetch GET 200 https://registry.npmjs.org/@esbuild%2ffreebsd-x64 406ms (cache miss)
73 silly packumentCache full:https://registry.npmjs.org/@esbuild%2ffreebsd-x64 set size:undefined disposed:false
74 silly fetch manifest @esbuild/android-arm64@0.27.7
75 silly packumentCache full:https://registry.npmjs.org/@esbuild%2fandroid-arm64 cache-miss
76 http fetch GET 200 https://registry.npmjs.org/@esbuild%2flinux-ia32 410ms (cache miss)
77 silly packumentCache full:https://registry.npmjs.org/@esbuild%2flinux-ia32 set size:undefined disposed:false
78 silly fetch manifest @esbuild/freebsd-arm64@0.27.7
79 silly packumentCache full:https://registry.npmjs.org/@esbuild%2ffreebsd-arm64 cache-miss
80 http fetch GET 200 https://registry.npmjs.org/@esbuild%2flinux-x64 419ms (cache miss)
81 silly packumentCache full:https://registry.npmjs.org/@esbuild%2flinux-x64 set size:undefined disposed:false
82 silly fetch manifest @esbuild/linux-loong64@0.27.7
83 silly packumentCache full:https://registry.npmjs.org/@esbuild%2flinux-loong64 cache-miss
84 http fetch GET 200 https://registry.npmjs.org/@esbuild%2fwin32-ia32 422ms (cache miss)
85 silly packumentCache full:https://registry.npmjs.org/@esbuild%2fwin32-ia32 set size:undefined disposed:false
86 silly fetch manifest @esbuild/linux-riscv64@0.27.7
87 silly packumentCache full:https://registry.npmjs.org/@esbuild%2flinux-riscv64 cache-miss
88 http fetch GET 200 https://registry.npmjs.org/@esbuild%2fnetbsd-x64 427ms (cache miss)
89 silly packumentCache full:https://registry.npmjs.org/@esbuild%2fnetbsd-x64 set size:undefined disposed:false
90 silly fetch manifest @esbuild/openbsd-arm64@0.27.7
91 silly packumentCache full:https://registry.npmjs.org/@esbuild%2fopenbsd-arm64 cache-miss
92 http fetch GET 200 https://registry.npmjs.org/@esbuild%2flinux-s390x 428ms (cache miss)
93 silly packumentCache full:https://registry.npmjs.org/@esbuild%2flinux-s390x set size:undefined disposed:false
94 silly fetch manifest @esbuild/linux-mips64el@0.27.7
95 silly packumentCache full:https://registry.npmjs.org/@esbuild%2flinux-mips64el cache-miss
96 http fetch GET 200 https://registry.npmjs.org/@esbuild%2fdarwin-x64 433ms (cache miss)
97 silly packumentCache full:https://registry.npmjs.org/@esbuild%2fdarwin-x64 set size:undefined disposed:false
98 silly fetch manifest @esbuild/openharmony-arm64@0.27.7
99 silly packumentCache full:https://registry.npmjs.org/@esbuild%2fopenharmony-arm64 cache-miss
100 http fetch GET 200 https://registry.npmjs.org/@esbuild%2fandroid-arm 450ms (cache miss)
101 silly packumentCache full:https://registry.npmjs.org/@esbuild%2fandroid-arm set size:undefined disposed:false
102 http fetch GET 200 https://registry.npmjs.org/@esbuild%2fopenbsd-x64 253ms (cache miss)
103 silly packumentCache full:https://registry.npmjs.org/@esbuild%2fopenbsd-x64 set size:undefined disposed:false
104 http fetch GET 200 https://registry.npmjs.org/@esbuild%2fandroid-x64 483ms (cache miss)
105 silly packumentCache full:https://registry.npmjs.org/@esbuild%2fandroid-x64 set size:undefined disposed:false
106 http fetch GET 200 https://registry.npmjs.org/@esbuild%2fwin32-x64 488ms (cache miss)
107 silly packumentCache full:https://registry.npmjs.org/@esbuild%2fwin32-x64 set size:undefined disposed:false
108 http fetch GET 200 https://registry.npmjs.org/@esbuild%2fwin32-arm64 189ms (cache miss)
109 silly packumentCache full:https://registry.npmjs.org/@esbuild%2fwin32-arm64 set size:undefined disposed:false
110 http fetch GET 200 https://registry.npmjs.org/@esbuild%2flinux-ppc64 496ms (cache miss)
111 silly packumentCache full:https://registry.npmjs.org/@esbuild%2flinux-ppc64 set size:undefined disposed:false
112 http fetch GET 200 https://registry.npmjs.org/@esbuild%2fdarwin-arm64 172ms (cache miss)
113 silly packumentCache full:https://registry.npmjs.org/@esbuild%2fdarwin-arm64 set size:undefined disposed:false
114 http fetch GET 200 https://registry.npmjs.org/@esbuild%2fopenharmony-arm64 85ms (cache miss)
115 silly packumentCache full:https://registry.npmjs.org/@esbuild%2fopenharmony-arm64 set size:undefined disposed:false
116 http fetch GET 200 https://registry.npmjs.org/@esbuild%2fopenbsd-arm64 92ms (cache miss)
117 silly packumentCache full:https://registry.npmjs.org/@esbuild%2fopenbsd-arm64 set size:undefined disposed:false
118 http fetch GET 200 https://registry.npmjs.org/@esbuild%2ffreebsd-arm64 117ms (cache miss)
119 silly packumentCache full:https://registry.npmjs.org/@esbuild%2ffreebsd-arm64 set size:undefined disposed:false
120 http fetch GET 200 https://registry.npmjs.org/@esbuild%2fandroid-arm64 121ms (cache miss)
121 silly packumentCache full:https://registry.npmjs.org/@esbuild%2fandroid-arm64 set size:undefined disposed:false
122 http fetch GET 200 https://registry.npmjs.org/@esbuild%2flinux-mips64el 108ms (cache miss)
123 silly packumentCache full:https://registry.npmjs.org/@esbuild%2flinux-mips64el set size:undefined disposed:false
124 http fetch GET 200 https://registry.npmjs.org/@esbuild%2flinux-riscv64 119ms (cache miss)
125 silly packumentCache full:https://registry.npmjs.org/@esbuild%2flinux-riscv64 set size:undefined disposed:false
126 http fetch GET 200 https://registry.npmjs.org/@esbuild%2flinux-loong64 127ms (cache miss)
127 silly packumentCache full:https://registry.npmjs.org/@esbuild%2flinux-loong64 set size:undefined disposed:false
128 http fetch GET 200 https://registry.npmjs.org/@esbuild%2fnetbsd-arm64 539ms (cache miss)
129 silly packumentCache full:https://registry.npmjs.org/@esbuild%2fnetbsd-arm64 set size:undefined disposed:false
130 silly placeDep ROOT @esbuild/aix-ppc64@0.27.7 OK for: esbuild@0.27.7 want: 0.27.7
131 silly placeDep ROOT @esbuild/android-arm@0.27.7 OK for: esbuild@0.27.7 want: 0.27.7
132 silly placeDep ROOT @esbuild/android-arm64@0.27.7 OK for: esbuild@0.27.7 want: 0.27.7
133 silly placeDep ROOT @esbuild/android-x64@0.27.7 OK for: esbuild@0.27.7 want: 0.27.7
134 silly placeDep ROOT @esbuild/darwin-arm64@0.27.7 OK for: esbuild@0.27.7 want: 0.27.7
135 silly placeDep ROOT @esbuild/darwin-x64@0.27.7 OK for: esbuild@0.27.7 want: 0.27.7
136 silly placeDep ROOT @esbuild/freebsd-arm64@0.27.7 OK for: esbuild@0.27.7 want: 0.27.7
137 silly placeDep ROOT @esbuild/freebsd-x64@0.27.7 OK for: esbuild@0.27.7 want: 0.27.7
138 silly placeDep ROOT @esbuild/linux-arm@0.27.7 OK for: esbuild@0.27.7 want: 0.27.7
139 silly placeDep ROOT @esbuild/linux-arm64@0.27.7 OK for: esbuild@0.27.7 want: 0.27.7
140 silly placeDep ROOT @esbuild/linux-ia32@0.27.7 OK for: esbuild@0.27.7 want: 0.27.7
141 silly placeDep ROOT @esbuild/linux-loong64@0.27.7 OK for: esbuild@0.27.7 want: 0.27.7
142 silly placeDep ROOT @esbuild/linux-mips64el@0.27.7 OK for: esbuild@0.27.7 want: 0.27.7
143 silly placeDep ROOT @esbuild/linux-ppc64@0.27.7 OK for: esbuild@0.27.7 want: 0.27.7
144 silly placeDep ROOT @esbuild/linux-riscv64@0.27.7 OK for: esbuild@0.27.7 want: 0.27.7
145 silly placeDep ROOT @esbuild/linux-s390x@0.27.7 OK for: esbuild@0.27.7 want: 0.27.7
146 silly placeDep ROOT @esbuild/linux-x64@0.27.7 OK for: esbuild@0.27.7 want: 0.27.7
147 silly placeDep ROOT @esbuild/netbsd-arm64@0.27.7 OK for: esbuild@0.27.7 want: 0.27.7
148 silly placeDep ROOT @esbuild/netbsd-x64@0.27.7 OK for: esbuild@0.27.7 want: 0.27.7
149 silly placeDep ROOT @esbuild/openbsd-arm64@0.27.7 OK for: esbuild@0.27.7 want: 0.27.7
150 silly placeDep ROOT @esbuild/openbsd-x64@0.27.7 OK for: esbuild@0.27.7 want: 0.27.7
151 silly placeDep ROOT @esbuild/openharmony-arm64@0.27.7 OK for: esbuild@0.27.7 want: 0.27.7
152 silly placeDep ROOT @esbuild/sunos-x64@0.27.7 OK for: esbuild@0.27.7 want: 0.27.7
153 silly placeDep ROOT @esbuild/win32-arm64@0.27.7 OK for: esbuild@0.27.7 want: 0.27.7
154 silly placeDep ROOT @esbuild/win32-ia32@0.27.7 OK for: esbuild@0.27.7 want: 0.27.7
155 silly placeDep ROOT @esbuild/win32-x64@0.27.7 OK for: esbuild@0.27.7 want: 0.27.7
156 silly reify moves {}
157 silly audit bulk request {
157 silly audit   '@adobe/css-tools': [ '4.4.4' ],
157 silly audit   '@alloc/quick-lru': [ '5.2.0' ],
157 silly audit   '@asamuzakjp/css-color': [ '5.1.9' ],
157 silly audit   '@asamuzakjp/dom-selector': [ '7.0.9' ],
157 silly audit   '@asamuzakjp/nwsapi': [ '2.3.9' ],
157 silly audit   '@babel/code-frame': [ '7.29.0' ],
157 silly audit   '@babel/compat-data': [ '7.29.0' ],
157 silly audit   '@babel/core': [ '7.29.0' ],
157 silly audit   '@babel/generator': [ '7.29.1' ],
157 silly audit   '@babel/helper-compilation-targets': [ '7.28.6' ],
157 silly audit   '@babel/helper-globals': [ '7.28.0' ],
157 silly audit   '@babel/helper-module-imports': [ '7.28.6' ],
157 silly audit   '@babel/helper-module-transforms': [ '7.28.6' ],
157 silly audit   '@babel/helper-string-parser': [ '7.27.1' ],
157 silly audit   '@babel/helper-validator-identifier': [ '7.28.5' ],
157 silly audit   '@babel/helper-validator-option': [ '7.27.1' ],
157 silly audit   '@babel/helpers': [ '7.29.2' ],
157 silly audit   '@babel/parser': [ '7.29.2' ],
157 silly audit   '@babel/runtime': [ '7.29.2' ],
157 silly audit   '@babel/template': [ '7.28.6' ],
157 silly audit   '@babel/traverse': [ '7.29.0' ],
157 silly audit   '@babel/types': [ '7.29.0' ],
157 silly audit   '@bcoe/v8-coverage': [ '1.0.2' ],
157 silly audit   '@bramus/specificity': [ '2.4.2' ],
157 silly audit   '@csstools/color-helpers': [ '6.0.2' ],
157 silly audit   '@csstools/css-calc': [ '3.1.1' ],
157 silly audit   '@csstools/css-color-parser': [ '4.0.2' ],
157 silly audit   '@csstools/css-parser-algorithms': [ '4.0.0' ],
157 silly audit   '@csstools/css-syntax-patches-for-csstree': [ '1.1.2' ],
157 silly audit   '@csstools/css-tokenizer': [ '4.0.0' ],
157 silly audit   '@emnapi/core': [ '1.9.2' ],
157 silly audit   '@emnapi/runtime': [ '1.9.2' ],
157 silly audit   '@emnapi/wasi-threads': [ '1.2.1' ],
157 silly audit   '@eslint-community/eslint-utils': [ '4.9.1' ],
157 silly audit   'eslint-visitor-keys': [ '3.4.3', '5.0.1', '4.2.1' ],
157 silly audit   '@eslint-community/regexpp': [ '4.12.2' ],
157 silly audit   '@eslint/config-array': [ '0.21.2' ],
157 silly audit   '@eslint/config-helpers': [ '0.4.2' ],
157 silly audit   '@eslint/core': [ '0.17.0' ],
157 silly audit   '@eslint/eslintrc': [ '3.3.5' ],
157 silly audit   '@eslint/js': [ '9.39.4' ],
157 silly audit   '@eslint/object-schema': [ '2.1.7' ],
157 silly audit   '@eslint/plugin-kit': [ '0.4.1' ],
157 silly audit   '@exodus/bytes': [ '1.15.0' ],
157 silly audit   '@humanfs/core': [ '0.19.1' ],
157 silly audit   '@humanfs/node': [ '0.16.7' ],
157 silly audit   '@humanwhocodes/module-importer': [ '1.0.1' ],
157 silly audit   '@humanwhocodes/retry': [ '0.4.3' ],
157 silly audit   '@img/colour': [ '1.1.0' ],
157 silly audit   '@img/sharp-darwin-arm64': [ '0.34.5' ],
157 silly audit   '@img/sharp-darwin-x64': [ '0.34.5' ],
157 silly audit   '@img/sharp-libvips-darwin-arm64': [ '1.2.4' ],
157 silly audit   '@img/sharp-libvips-darwin-x64': [ '1.2.4' ],
157 silly audit   '@img/sharp-libvips-linux-arm': [ '1.2.4' ],
157 silly audit   '@img/sharp-libvips-linux-arm64': [ '1.2.4' ],
157 silly audit   '@img/sharp-libvips-linux-ppc64': [ '1.2.4' ],
157 silly audit   '@img/sharp-libvips-linux-riscv64': [ '1.2.4' ],
157 silly audit   '@img/sharp-libvips-linux-s390x': [ '1.2.4' ],
157 silly audit   '@img/sharp-libvips-linux-x64': [ '1.2.4' ],
157 silly audit   '@img/sharp-libvips-linuxmusl-arm64': [ '1.2.4' ],
157 silly audit   '@img/sharp-libvips-linuxmusl-x64': [ '1.2.4' ],
157 silly audit   '@img/sharp-linux-arm': [ '0.34.5' ],
157 silly audit   '@img/sharp-linux-arm64': [ '0.34.5' ],
157 silly audit   '@img/sharp-linux-ppc64': [ '0.34.5' ],
157 silly audit   '@img/sharp-linux-riscv64': [ '0.34.5' ],
157 silly audit   '@img/sharp-linux-s390x': [ '0.34.5' ],
157 silly audit   '@img/sharp-linux-x64': [ '0.34.5' ],
157 silly audit   '@img/sharp-linuxmusl-arm64': [ '0.34.5' ],
157 silly audit   '@img/sharp-linuxmusl-x64': [ '0.34.5' ],
157 silly audit   '@img/sharp-wasm32': [ '0.34.5' ],
157 silly audit   '@img/sharp-win32-arm64': [ '0.34.5' ],
157 silly audit   '@img/sharp-win32-ia32': [ '0.34.5' ],
157 silly audit   '@img/sharp-win32-x64': [ '0.34.5' ],
157 silly audit   '@isaacs/ttlcache': [ '1.4.1' ],
157 silly audit   '@jest/schemas': [ '29.6.3' ],
157 silly audit   '@jest/types': [ '29.6.3' ],
157 silly audit   '@jridgewell/gen-mapping': [ '0.3.13' ],
157 silly audit   '@jridgewell/remapping': [ '2.3.5' ],
157 silly audit   '@jridgewell/resolve-uri': [ '3.1.2' ],
157 silly audit   '@jridgewell/source-map': [ '0.3.11' ],
157 silly audit   '@jridgewell/sourcemap-codec': [ '1.5.5' ],
157 silly audit   '@jridgewell/trace-mapping': [ '0.3.31' ],
157 silly audit   '@napi-rs/wasm-runtime': [ '0.2.12', '1.1.3' ],
157 silly audit   '@neondatabase/serverless': [ '1.0.2' ],
157 silly audit   '@types/node': [ '22.19.17', '20.19.39', '12.20.55' ],
157 silly audit   '@next/env': [ '16.2.3' ],
157 silly audit   '@next/eslint-plugin-next': [ '16.2.3' ],
157 silly audit   '@next/swc-darwin-arm64': [ '16.2.3' ],
157 silly audit   '@next/swc-darwin-x64': [ '16.2.3' ],
157 silly audit   '@next/swc-linux-arm64-gnu': [ '16.2.3' ],
157 silly audit   '@next/swc-linux-arm64-musl': [ '16.2.3' ],
157 silly audit   '@next/swc-linux-x64-gnu': [ '16.2.3' ],
157 silly audit   '@next/swc-linux-x64-musl': [ '16.2.3' ],
157 silly audit   '@next/swc-win32-arm64-msvc': [ '16.2.3' ],
157 silly audit   '@next/swc-win32-x64-msvc': [ '16.2.3' ],
157 silly audit   '@noble/curves': [ '1.9.7' ],
157 silly audit   '@noble/hashes': [ '1.8.0' ],
157 silly audit   '@nodelib/fs.scandir': [ '2.1.5' ],
157 silly audit   '@nodelib/fs.stat': [ '2.0.5' ],
157 silly audit   '@nodelib/fs.walk': [ '1.2.8' ],
157 silly audit   '@nolyfill/is-core-module': [ '1.0.39' ],
157 silly audit   '@oxc-project/types': [ '0.124.0' ],
157 silly audit   '@react-native-async-storage/async-storage': [ '1.24.0' ],
157 silly audit   '@react-native/assets-registry': [ '0.85.0' ],
157 silly audit   '@react-native/codegen': [ '0.85.0' ],
157 silly audit   cliui: [ '8.0.1', '6.0.0' ],
157 silly audit   'hermes-estree': [ '0.33.3', '0.25.1' ],
157 silly audit   'hermes-parser': [ '0.33.3', '0.25.1' ],
157 silly audit   'wrap-ansi': [ '7.0.0', '6.2.0' ],
157 silly audit   y18n: [ '5.0.8', '4.0.3' ],
157 silly audit   yargs: [ '17.7.2', '15.4.1' ],
157 silly audit   'yargs-parser': [ '21.1.1', '18.1.3' ],
157 silly audit   '@react-native/community-cli-plugin': [ '0.85.0' ],
157 silly audit   semver: [ '7.7.4', '6.3.1' ],
157 silly audit   '@react-native/debugger-frontend': [ '0.85.0' ],
157 silly audit   '@react-native/debugger-shell': [ '0.85.0' ],
157 silly audit   '@react-native/dev-middleware': [ '0.85.0' ],
157 silly audit   '@react-native/gradle-plugin': [ '0.85.0' ],
157 silly audit   '@react-native/js-polyfills': [ '0.85.0' ],
157 silly audit   '@react-native/normalize-colors': [ '0.85.0' ],
157 silly audit   '@react-native/virtualized-lists': [ '0.85.0' ],
157 silly audit   '@reduxjs/toolkit': [ '2.11.2' ],
157 silly audit   immer: [ '11.1.4', '10.2.0' ],
157 silly audit   '@rolldown/binding-android-arm64': [ '1.0.0-rc.15' ],
157 silly audit   '@rolldown/binding-darwin-arm64': [ '1.0.0-rc.15' ],
157 silly audit   '@rolldown/binding-darwin-x64': [ '1.0.0-rc.15' ],
157 silly audit   '@rolldown/binding-freebsd-x64': [ '1.0.0-rc.15' ],
157 silly audit   '@rolldown/binding-linux-arm-gnueabihf': [ '1.0.0-rc.15' ],
157 silly audit   '@rolldown/binding-linux-arm64-gnu': [ '1.0.0-rc.15' ],
157 silly audit   '@rolldown/binding-linux-arm64-musl': [ '1.0.0-rc.15' ],
157 silly audit   '@rolldown/binding-linux-ppc64-gnu': [ '1.0.0-rc.15' ],
157 silly audit   '@rolldown/binding-linux-s390x-gnu': [ '1.0.0-rc.15' ],
157 silly audit   '@rolldown/binding-linux-x64-gnu': [ '1.0.0-rc.15' ],
157 silly audit   '@rolldown/binding-linux-x64-musl': [ '1.0.0-rc.15' ],
157 silly audit   '@rolldown/binding-openharmony-arm64': [ '1.0.0-rc.15' ],
157 silly audit   '@rolldown/binding-wasm32-wasi': [ '1.0.0-rc.15' ],
157 silly audit   '@rolldown/binding-win32-arm64-msvc': [ '1.0.0-rc.15' ],
157 silly audit   '@rolldown/binding-win32-x64-msvc': [ '1.0.0-rc.15' ],
157 silly audit   '@rolldown/pluginutils': [ '1.0.0-rc.15' ],
157 silly audit   '@rtsao/scc': [ '1.1.0' ],
157 silly audit   '@sinclair/typebox': [ '0.27.10' ],
157 silly audit   '@solana-mobile/mobile-wallet-adapter-protocol': [ '2.2.7' ],
157 silly audit   '@solana-mobile/mobile-wallet-adapter-protocol-web3js': [ '2.2.7' ],
157 silly audit   '@solana-mobile/wallet-adapter-mobile': [ '2.2.7' ],
157 silly audit   '@solana-mobile/wallet-standard-mobile': [ '0.5.1' ],
157 silly audit   '@solana/buffer-layout': [ '4.0.1' ],
157 silly audit   '@solana/codecs-core': [ '6.7.0', '2.3.0' ],
157 silly audit   '@solana/codecs-numbers': [ '6.7.0', '2.3.0' ],
157 silly audit   '@solana/codecs-strings': [ '6.7.0' ],
157 silly audit   '@solana/errors': [ '6.7.0', '2.3.0' ],
157 silly audit   chalk: [ '5.6.2', '4.1.2' ],
157 silly audit   '@solana/wallet-adapter-base': [ '0.9.27' ],
157 silly audit   '@solana/wallet-adapter-base-ui': [ '0.1.6' ],
157 silly audit   '@solana/wallet-adapter-phantom': [ '0.9.29' ],
157 silly audit   '@solana/wallet-adapter-react': [ '0.15.39' ],
157 silly audit   '@solana/wallet-adapter-react-ui': [ '0.9.39' ],
157 silly audit   '@solana/wallet-adapter-solflare': [ '0.6.33' ],
157 silly audit   '@solana/wallet-standard-chains': [ '1.1.1' ],
157 silly audit   '@solana/wallet-standard-features': [ '1.3.0' ],
157 silly audit   '@solana/wallet-standard-util': [ '1.1.2' ],
157 silly audit   '@solana/wallet-standard-wallet-adapter-base': [ '1.1.4' ],
157 silly audit   '@solana/wallet-standard-wallet-adapter-react': [ '1.1.4' ],
157 silly audit   '@solana/web3.js': [ '1.98.4' ],
157 silly audit   'base-x': [ '3.0.11', '4.0.1', '5.0.1' ],
157 silly audit   bs58: [ '4.0.1', '5.0.0', '6.0.0' ],
157 silly audit   '@solflare-wallet/sdk': [ '1.4.2' ],
157 silly audit   '@standard-schema/spec': [ '1.1.0' ],
157 silly audit   '@standard-schema/utils': [ '0.3.0' ],
157 silly audit   '@swc/helpers': [ '0.5.15' ],
157 silly audit   '@tailwindcss/node': [ '4.2.2' ],
157 silly audit   '@tailwindcss/oxide': [ '4.2.2' ],
157 silly audit   '@tailwindcss/oxide-android-arm64': [ '4.2.2' ],
157 silly audit   '@tailwindcss/oxide-darwin-arm64': [ '4.2.2' ],
157 silly audit   '@tailwindcss/oxide-darwin-x64': [ '4.2.2' ],
157 silly audit   '@tailwindcss/oxide-freebsd-x64': [ '4.2.2' ],
157 silly audit   '@tailwindcss/oxide-linux-arm-gnueabihf': [ '4.2.2' ],
157 silly audit   '@tailwindcss/oxide-linux-arm64-gnu': [ '4.2.2' ],
157 silly audit   '@tailwindcss/oxide-linux-arm64-musl': [ '4.2.2' ],
157 silly audit   '@tailwindcss/oxide-linux-x64-gnu': [ '4.2.2' ],
157 silly audit   '@tailwindcss/oxide-linux-x64-musl': [ '4.2.2' ],
157 silly audit   '@tailwindcss/oxide-wasm32-wasi': [ '4.2.2' ],
157 silly audit   '@tailwindcss/oxide-win32-arm64-msvc': [ '4.2.2' ],
157 silly audit   '@tailwindcss/oxide-win32-x64-msvc': [ '4.2.2' ],
157 silly audit   '@tailwindcss/postcss': [ '4.2.2' ],
157 silly audit   '@testing-library/dom': [ '10.4.1' ],
157 silly audit   'ansi-styles': [ '5.2.0', '4.3.0' ],
157 silly audit   'aria-query': [ '5.3.0', '5.3.2' ],
157 silly audit   'pretty-format': [ '27.5.1', '29.7.0' ],
157 silly audit   'react-is': [ '17.0.2', '18.3.1', '16.13.1' ],
157 silly audit   '@testing-library/jest-dom': [ '6.9.1' ],
157 silly audit   'dom-accessibility-api': [ '0.6.3', '0.5.16' ],
157 silly audit   '@testing-library/react': [ '16.3.2' ],
157 silly audit   '@testing-library/user-event': [ '14.6.1' ],
157 silly audit   '@tweenjs/tween.js': [ '25.0.0' ],
157 silly audit   '@tybys/wasm-util': [ '0.10.1' ],
157 silly audit   '@types/aria-query': [ '5.0.4' ],
157 silly audit   '@types/chai': [ '5.2.3' ],
157 silly audit   '@types/connect': [ '3.4.38' ],
157 silly audit   '@types/d3-array': [ '3.2.2' ],
157 silly audit   '@types/d3-color': [ '3.1.3' ],
157 silly audit   '@types/d3-ease': [ '3.0.2' ],
157 silly audit   '@types/d3-interpolate': [ '3.0.4' ],
157 silly audit   '@types/d3-path': [ '3.1.1' ],
157 silly audit   '@types/d3-scale': [ '4.0.9' ],
157 silly audit   '@types/d3-shape': [ '3.1.8' ],
157 silly audit   '@types/d3-time': [ '3.0.4' ],
157 silly audit   '@types/d3-timer': [ '3.0.2' ],
157 silly audit   '@types/deep-eql': [ '4.0.2' ],
157 silly audit   '@types/estree': [ '1.0.8' ],
157 silly audit   '@types/istanbul-lib-coverage': [ '2.0.6' ],
157 silly audit   '@types/istanbul-lib-report': [ '3.0.3' ],
157 silly audit   '@types/istanbul-reports': [ '3.0.4' ],
157 silly audit   '@types/json-schema': [ '7.0.15' ],
157 silly audit   '@types/json5': [ '0.0.29' ],
157 silly audit   '@types/pg': [ '8.20.0' ],
157 silly audit   '@types/react': [ '19.2.14' ],
157 silly audit   '@types/react-dom': [ '19.2.3' ],
157 silly audit   '@types/use-sync-external-store': [ '0.0.6' ],
157 silly audit   '@types/uuid': [ '10.0.0' ],
157 silly audit   '@types/ws': [ '7.4.7', '8.18.1' ],
157 silly audit   '@types/yargs': [ '17.0.35' ],
157 silly audit   '@types/yargs-parser': [ '21.0.3' ],
157 silly audit   '@typescript-eslint/eslint-plugin': [ '8.58.1' ],
157 silly audit   ignore: [ '7.0.5', '5.3.2' ],
157 silly audit   '@typescript-eslint/parser': [ '8.58.1' ],
157 silly audit   '@typescript-eslint/project-service': [ '8.58.1' ],
157 silly audit   '@typescript-eslint/scope-manager': [ '8.58.1' ],
157 silly audit   '@typescript-eslint/tsconfig-utils': [ '8.58.1' ],
157 silly audit   '@typescript-eslint/type-utils': [ '8.58.1' ],
157 silly audit   '@typescript-eslint/types': [ '8.58.1' ],
157 silly audit   '@typescript-eslint/typescript-estree': [ '8.58.1' ],
157 silly audit   'balanced-match': [ '4.0.4', '1.0.2' ],
157 silly audit   'brace-expansion': [ '5.0.5', '1.1.13' ],
157 silly audit   minimatch: [ '10.2.5', '3.1.5' ],
157 silly audit   '@typescript-eslint/utils': [ '8.58.1' ],
157 silly audit   '@typescript-eslint/visitor-keys': [ '8.58.1' ],
157 silly audit   '@unrs/resolver-binding-android-arm-eabi': [ '1.11.1' ],
157 silly audit   '@unrs/resolver-binding-android-arm64': [ '1.11.1' ],
157 silly audit   '@unrs/resolver-binding-darwin-arm64': [ '1.11.1' ],
157 silly audit   '@unrs/resolver-binding-darwin-x64': [ '1.11.1' ],
157 silly audit   '@unrs/resolver-binding-freebsd-x64': [ '1.11.1' ],
157 silly audit   '@unrs/resolver-binding-linux-arm-gnueabihf': [ '1.11.1' ],
157 silly audit   '@unrs/resolver-binding-linux-arm-musleabihf': [ '1.11.1' ],
157 silly audit   '@unrs/resolver-binding-linux-arm64-gnu': [ '1.11.1' ],
157 silly audit   '@unrs/resolver-binding-linux-arm64-musl': [ '1.11.1' ],
157 silly audit   '@unrs/resolver-binding-linux-ppc64-gnu': [ '1.11.1' ],
157 silly audit   '@unrs/resolver-binding-linux-riscv64-gnu': [ '1.11.1' ],
157 silly audit   '@unrs/resolver-binding-linux-riscv64-musl': [ '1.11.1' ],
157 silly audit   '@unrs/resolver-binding-linux-s390x-gnu': [ '1.11.1' ],
157 silly audit   '@unrs/resolver-binding-linux-x64-gnu': [ '1.11.1' ],
157 silly audit   '@unrs/resolver-binding-linux-x64-musl': [ '1.11.1' ],
157 silly audit   '@unrs/resolver-binding-wasm32-wasi': [ '1.11.1' ],
157 silly audit   '@unrs/resolver-binding-win32-arm64-msvc': [ '1.11.1' ],
157 silly audit   '@unrs/resolver-binding-win32-ia32-msvc': [ '1.11.1' ],
157 silly audit   '@unrs/resolver-binding-win32-x64-msvc': [ '1.11.1' ],
157 silly audit   '@upstash/redis': [ '1.37.0' ],
157 silly audit   '@vitest/coverage-v8': [ '4.1.4' ],
157 silly audit   '@vitest/expect': [ '4.1.4' ],
157 silly audit   '@vitest/mocker': [ '4.1.4' ],
157 silly audit   '@vitest/pretty-format': [ '4.1.4' ],
157 silly audit   '@vitest/runner': [ '4.1.4' ],
157 silly audit   '@vitest/snapshot': [ '4.1.4' ],
157 silly audit   '@vitest/spy': [ '4.1.4' ],
157 silly audit   '@vitest/utils': [ '4.1.4' ],
157 silly audit   '@wallet-standard/app': [ '1.1.0' ],
157 silly audit   '@wallet-standard/base': [ '1.1.0' ],
157 silly audit   '@wallet-standard/core': [ '1.1.1' ],
157 silly audit   '@wallet-standard/errors': [ '0.1.1' ],
157 silly audit   commander: [ '13.1.0', '14.0.3', '2.20.3', '12.1.0' ],
157 silly audit   '@wallet-standard/features': [ '1.1.0' ],
157 silly audit   '@wallet-standard/wallet': [ '1.1.0' ],
157 silly audit   'abort-controller': [ '3.0.0' ],
157 silly audit   accepts: [ '2.0.0' ],
157 silly audit   'accessor-fn': [ '1.5.3' ],
157 silly audit   acorn: [ '8.16.0' ],
157 silly audit   'acorn-jsx': [ '5.3.2' ],
157 silly audit   'agent-base': [ '7.1.4' ],
157 silly audit   agentkeepalive: [ '4.6.0' ],
157 silly audit   ajv: [ '6.14.0' ],
157 silly audit   anser: [ '1.4.10' ],
157 silly audit   'ansi-regex': [ '5.0.1' ],
157 silly audit   argparse: [ '2.0.1' ],
157 silly audit   'array-buffer-byte-length': [ '1.0.2' ],
157 silly audit   'array-includes': [ '3.1.9' ],
157 silly audit   'array.prototype.findlast': [ '1.2.5' ],
157 silly audit   'array.prototype.findlastindex': [ '1.2.6' ],
157 silly audit   'array.prototype.flat': [ '1.3.3' ],
157 silly audit   'array.prototype.flatmap': [ '1.3.3' ],
157 silly audit   'array.prototype.tosorted': [ '1.1.4' ],
157 silly audit   'arraybuffer.prototype.slice': [ '1.0.4' ],
157 silly audit   asap: [ '2.0.6' ],
157 silly audit   'assertion-error': [ '2.0.1' ],
157 silly audit   'ast-types-flow': [ '0.0.8' ],
157 silly audit   'ast-v8-to-istanbul': [ '1.0.0' ],
157 silly audit   'js-tokens': [ '10.0.0', '4.0.0' ],
157 silly audit   'async-function': [ '1.0.0' ],
157 silly audit   'available-typed-arrays': [ '1.0.7' ],
157 silly audit   'axe-core': [ '4.11.2' ],
157 silly audit   'axobject-query': [ '4.1.0' ],
157 silly audit   'babel-plugin-syntax-hermes-parser': [ '0.33.3' ],
157 silly audit   'base64-js': [ '1.5.1' ],
157 silly audit   'baseline-browser-mapping': [ '2.10.17' ],
157 silly audit   'bezier-js': [ '6.1.4' ],
157 silly audit   'bidi-js': [ '1.0.3' ],
157 silly audit   'bn.js': [ '5.2.3' ],
157 silly audit   borsh: [ '0.7.0' ],
157 silly audit   braces: [ '3.0.3' ],
157 silly audit   browserslist: [ '4.28.2' ],
157 silly audit   bser: [ '2.1.1' ],
157 silly audit   buffer: [ '6.0.3' ],
157 silly audit   'buffer-from': [ '1.1.2' ],
157 silly audit   bufferutil: [ '4.1.0' ],
157 silly audit   'call-bind': [ '1.0.9' ],
157 silly audit   'call-bind-apply-helpers': [ '1.0.2' ],
157 silly audit   'call-bound': [ '1.0.4' ],
157 silly audit   callsites: [ '3.1.0' ],
157 silly audit   camelcase: [ '6.3.0', '5.3.1' ],
157 silly audit   'caniuse-lite': [ '1.0.30001787' ],
157 silly audit   'canvas-color-tracker': [ '1.3.2' ],
157 silly audit   chai: [ '6.2.2' ],
157 silly audit   'chrome-launcher': [ '0.15.2' ],
157 silly audit   'chromium-edge-launcher': [ '0.3.0' ],
157 silly audit   'ci-info': [ '2.0.0', '3.9.0' ],
157 silly audit   'client-only': [ '0.0.1' ],
157 silly audit   clsx: [ '2.1.1' ],
157 silly audit   'color-convert': [ '2.0.1' ],
157 silly audit   'color-name': [ '1.1.4' ],
157 silly audit   'concat-map': [ '0.0.1' ],
157 silly audit   connect: [ '3.7.0' ],
157 silly audit   debug: [ '2.6.9', '4.4.3', '3.2.7' ],
157 silly audit   ms: [ '2.0.0', '2.1.3' ],
157 silly audit   'convert-source-map': [ '2.0.0' ],
157 silly audit   'cross-spawn': [ '7.0.6' ],
157 silly audit   'css-tree': [ '3.2.1' ],
157 silly audit   'css.escape': [ '1.5.1' ],
157 silly audit   csstype: [ '3.2.3' ],
157 silly audit   'd3-array': [ '3.2.4' ],
157 silly audit   'd3-binarytree': [ '1.0.2' ],
157 silly audit   'd3-color': [ '3.1.0' ],
157 silly audit   'd3-dispatch': [ '3.0.1' ],
157 silly audit   'd3-drag': [ '3.0.0' ],
157 silly audit   'd3-ease': [ '3.0.1' ],
157 silly audit   'd3-force-3d': [ '3.0.6' ],
157 silly audit   'd3-format': [ '3.1.2' ],
157 silly audit   'd3-interpolate': [ '3.0.1' ],
157 silly audit   'd3-octree': [ '1.1.0' ],
157 silly audit   'd3-path': [ '3.1.0' ],
157 silly audit   'd3-quadtree': [ '3.0.1' ],
157 silly audit   'd3-scale': [ '4.0.2' ],
157 silly audit   'd3-scale-chromatic': [ '3.1.0' ],
157 silly audit   'd3-selection': [ '3.0.0' ],
157 silly audit   'd3-shape': [ '3.2.0' ],
157 silly audit   'd3-time': [ '3.1.0' ],
157 silly audit   'd3-time-format': [ '4.1.0' ],
157 silly audit   'd3-timer': [ '3.0.1' ],
157 silly audit   'd3-transition': [ '3.0.1' ],
157 silly audit   'd3-zoom': [ '3.0.0' ],
157 silly audit   'damerau-levenshtein': [ '1.0.8' ],
157 silly audit   'data-urls': [ '7.0.0' ],
157 silly audit   tr46: [ '6.0.0', '0.0.3' ],
157 silly audit   'webidl-conversions': [ '8.0.1', '3.0.1' ],
157 silly audit   'whatwg-url': [ '16.0.1', '5.0.0' ],
157 silly audit   'data-view-buffer': [ '1.0.2' ],
157 silly audit   'data-view-byte-length': [ '1.0.2' ],
157 silly audit   'data-view-byte-offset': [ '1.0.1' ],
157 silly audit   decamelize: [ '1.2.0' ],
157 silly audit   'decimal.js': [ '10.6.0' ],
157 silly audit   'decimal.js-light': [ '2.5.1' ],
157 silly audit   'deep-is': [ '0.1.4' ],
157 silly audit   'define-data-property': [ '1.1.4' ],
157 silly audit   'define-properties': [ '1.2.1' ],
157 silly audit   delay: [ '5.0.0' ],
157 silly audit   depd: [ '2.0.0' ],
157 silly audit   dequal: [ '2.0.3' ],
157 silly audit   destroy: [ '1.2.0' ],
157 silly audit   'detect-libc': [ '2.1.2' ],
157 silly audit   dijkstrajs: [ '1.0.3' ],
157 silly audit   doctrine: [ '2.1.0' ],
157 silly audit   'dunder-proto': [ '1.0.1' ],
157 silly audit   'ee-first': [ '1.1.1' ],
157 silly audit   'electron-to-chromium': [ '1.5.334' ],
157 silly audit   'emoji-regex': [ '9.2.2', '8.0.0' ],
157 silly audit   encodeurl: [ '1.0.2', '2.0.0' ],
157 silly audit   'enhanced-resolve': [ '5.20.1' ],
157 silly audit   entities: [ '6.0.1' ],
157 silly audit   'error-stack-parser': [ '2.1.4' ],
157 silly audit   'es-abstract': [ '1.24.2' ],
157 silly audit   'es-define-property': [ '1.0.1' ],
157 silly audit   'es-errors': [ '1.3.0' ],
157 silly audit   'es-iterator-helpers': [ '1.3.1' ],
157 silly audit   'es-module-lexer': [ '2.0.0' ],
157 silly audit   'es-object-atoms': [ '1.1.1' ],
157 silly audit   'es-set-tostringtag': [ '2.1.0' ],
157 silly audit   'es-shim-unscopables': [ '1.1.0' ],
157 silly audit   'es-to-primitive': [ '1.3.0' ],
157 silly audit   'es-toolkit': [ '1.45.1' ],
157 silly audit   'es6-promise': [ '4.2.8' ],
157 silly audit   'es6-promisify': [ '5.0.0' ],
157 silly audit   escalade: [ '3.2.0' ],
157 silly audit   'escape-html': [ '1.0.3' ],
157 silly audit   'escape-string-regexp': [ '4.0.0' ],
157 silly audit   eslint: [ '9.39.4' ],
157 silly audit   'eslint-config-next': [ '16.2.3' ],
157 silly audit   globals: [ '16.4.0', '14.0.0' ],
157 silly audit   'eslint-import-resolver-node': [ '0.3.10' ],
157 silly audit   'eslint-import-resolver-typescript': [ '3.10.1' ],
157 silly audit   'eslint-module-utils': [ '2.12.1' ],
157 silly audit   'eslint-plugin-import': [ '2.32.0' ],
157 silly audit   'eslint-plugin-jsx-a11y': [ '6.10.2' ],
157 silly audit   'eslint-plugin-react': [ '7.37.5' ],
157 silly audit   'eslint-plugin-react-hooks': [ '7.0.1' ],
157 silly audit   'eslint-scope': [ '8.4.0' ],
157 silly audit   espree: [ '10.4.0' ],
157 silly audit   esquery: [ '1.7.0' ],
157 silly audit   esrecurse: [ '4.3.0' ],
157 silly audit   estraverse: [ '5.3.0' ],
157 silly audit   'estree-walker': [ '3.0.3' ],
157 silly audit   esutils: [ '2.0.3' ],
157 silly audit   etag: [ '1.8.1' ],
157 silly audit   'event-target-shim': [ '5.0.1' ],
157 silly audit   eventemitter3: [ '5.0.4' ],
157 silly audit   'expect-type': [ '1.3.0' ],
157 silly audit   'exponential-backoff': [ '3.1.3' ],
157 silly audit   eyes: [ '0.1.8' ],
157 silly audit   'fast-deep-equal': [ '3.1.3' ],
157 silly audit   'fast-glob': [ '3.3.1' ],
157 silly audit   'glob-parent': [ '5.1.2', '6.0.2' ],
157 silly audit   'fast-json-stable-stringify': [ '2.1.0' ],
157 silly audit   'fast-levenshtein': [ '2.0.6' ],
157 silly audit   'fast-stable-stringify': [ '1.0.0' ],
157 silly audit   fastq: [ '1.20.1' ],
157 silly audit   'fb-dotslash': [ '0.5.8' ],
157 silly audit   'fb-watchman': [ '2.0.2' ],
157 silly audit   'file-entry-cache': [ '8.0.0' ],
157 silly audit   'fill-range': [ '7.1.1' ],
157 silly audit   finalhandler: [ '1.1.2' ],
157 silly audit   'find-up': [ '5.0.0', '4.1.0' ],
157 silly audit   'flat-cache': [ '4.0.1' ],
157 silly audit   flatted: [ '3.4.2' ],
157 silly audit   'float-tooltip': [ '1.7.5' ],
157 silly audit   'flow-enums-runtime': [ '0.0.6' ],
157 silly audit   'for-each': [ '0.3.5' ],
157 silly audit   'force-graph': [ '1.51.2' ],
157 silly audit   fresh: [ '0.5.2' ],
157 silly audit   fsevents: [ '2.3.3' ],
157 silly audit   'function-bind': [ '1.1.2' ],
157 silly audit   'function.prototype.name': [ '1.1.8' ],
157 silly audit   'functions-have-names': [ '1.2.3' ],
157 silly audit   'generator-function': [ '2.0.1' ],
157 silly audit   gensync: [ '1.0.0-beta.2' ],
157 silly audit   'get-caller-file': [ '2.0.5' ],
157 silly audit   'get-intrinsic': [ '1.3.0' ],
157 silly audit   'get-proto': [ '1.0.1' ],
157 silly audit   'get-symbol-description': [ '1.1.0' ],
157 silly audit   'get-tsconfig': [ '4.13.7' ],
157 silly audit   globalthis: [ '1.0.4' ],
157 silly audit   gopd: [ '1.2.0' ],
157 silly audit   'graceful-fs': [ '4.2.11' ],
157 silly audit   'has-bigints': [ '1.1.0' ],
157 silly audit   'has-flag': [ '4.0.0' ],
157 silly audit   'has-property-descriptors': [ '1.0.2' ],
157 silly audit   'has-proto': [ '1.2.0' ],
157 silly audit   'has-symbols': [ '1.1.0' ],
157 silly audit   'has-tostringtag': [ '1.0.2' ],
157 silly audit   hasown: [ '2.0.2' ],
157 silly audit   'hermes-compiler': [ '250829098.0.10' ],
157 silly audit   'html-encoding-sniffer': [ '6.0.0' ],
157 silly audit   'html-escaper': [ '2.0.2' ],
157 silly audit   'http-errors': [ '2.0.1' ],
157 silly audit   statuses: [ '2.0.2', '1.5.0' ],
157 silly audit   'https-proxy-agent': [ '7.0.6' ],
157 silly audit   'humanize-ms': [ '1.2.1' ],
157 silly audit   ieee754: [ '1.2.1' ],
157 silly audit   'image-size': [ '1.2.1' ],
157 silly audit   'import-fresh': [ '3.3.1' ],
157 silly audit   imurmurhash: [ '0.1.4' ],
157 silly audit   'indent-string': [ '4.0.0' ],
157 silly audit   'index-array-by': [ '1.4.2' ],
157 silly audit   inherits: [ '2.0.4' ],
157 silly audit   'internal-slot': [ '1.1.0' ],
157 silly audit   internmap: [ '2.0.3' ],
157 silly audit   invariant: [ '2.2.4' ],
157 silly audit   'is-array-buffer': [ '3.0.5' ],
157 silly audit   'is-async-function': [ '2.1.1' ],
157 silly audit   'is-bigint': [ '1.1.0' ],
157 silly audit   'is-boolean-object': [ '1.2.2' ],
157 silly audit   'is-bun-module': [ '2.0.0' ],
157 silly audit   'is-callable': [ '1.2.7' ],
157 silly audit   'is-core-module': [ '2.16.1' ],
157 silly audit   'is-data-view': [ '1.0.2' ],
157 silly audit   'is-date-object': [ '1.1.0' ],
157 silly audit   'is-docker': [ '2.2.1' ],
157 silly audit   'is-extglob': [ '2.1.1' ],
157 silly audit   'is-finalizationregistry': [ '1.1.1' ],
157 silly audit   'is-fullwidth-code-point': [ '3.0.0' ],
157 silly audit   'is-generator-function': [ '1.1.2' ],
157 silly audit   'is-glob': [ '4.0.3' ],
157 silly audit   'is-map': [ '2.0.3' ],
157 silly audit   'is-negative-zero': [ '2.0.3' ],
157 silly audit   'is-number': [ '7.0.0' ],
157 silly audit   'is-number-object': [ '1.1.1' ],
157 silly audit   'is-plain-obj': [ '2.1.0' ],
157 silly audit   'is-potential-custom-element-name': [ '1.0.1' ],
157 silly audit   'is-regex': [ '1.2.1' ],
157 silly audit   'is-set': [ '2.0.3' ],
157 silly audit   'is-shared-array-buffer': [ '1.0.4' ],
157 silly audit   'is-string': [ '1.1.1' ],
157 silly audit   'is-symbol': [ '1.1.1' ],
157 silly audit   'is-typed-array': [ '1.1.15' ],
157 silly audit   'is-weakmap': [ '2.0.2' ],
157 silly audit   'is-weakref': [ '1.1.1' ],
157 silly audit   'is-weakset': [ '2.0.4' ],
157 silly audit   'is-wsl': [ '2.2.0' ],
157 silly audit   isarray: [ '2.0.5' ],
157 silly audit   isexe: [ '2.0.0' ],
157 silly audit   'isomorphic-ws': [ '4.0.1' ],
157 silly audit   'istanbul-lib-coverage': [ '3.2.2' ],
157 silly audit   'istanbul-lib-report': [ '3.0.1' ],
157 silly audit   'istanbul-reports': [ '3.2.0' ],
157 silly audit   'iterator.prototype': [ '1.1.5' ],
157 silly audit   jayson: [ '4.3.0' ],
157 silly audit   uuid: [ '8.3.2', '11.1.0', '9.0.1' ],
157 silly audit   jerrypick: [ '1.1.2' ],
157 silly audit   'jest-get-type': [ '29.6.3' ],
157 silly audit   'jest-util': [ '29.7.0' ],
157 silly audit   'jest-validate': [ '29.7.0' ],
157 silly audit   'jest-worker': [ '29.7.0' ],
157 silly audit   'supports-color': [ '8.1.1', '7.2.0' ],
157 silly audit   jiti: [ '2.6.1' ],
157 silly audit   'js-base64': [ '3.7.8' ],
157 silly audit   'js-yaml': [ '4.1.1' ],
157 silly audit   'jsc-safe-url': [ '0.2.4' ],
157 silly audit   jsdom: [ '29.0.2' ],
157 silly audit   'lru-cache': [ '11.3.3', '5.1.1' ],
157 silly audit   jsesc: [ '3.1.0' ],
157 silly audit   'json-buffer': [ '3.0.1' ],
157 silly audit   'json-schema-traverse': [ '0.4.1' ],
157 silly audit   'json-stable-stringify-without-jsonify': [ '1.0.1' ],
157 silly audit   'json-stringify-safe': [ '5.0.1' ],
157 silly audit   json5: [ '2.2.3', '1.0.2' ],
157 silly audit   'jsx-ast-utils': [ '3.3.5' ],
157 silly audit   kapsule: [ '1.16.3' ],
157 silly audit   keyv: [ '4.5.4' ],
157 silly audit   'language-subtag-registry': [ '0.3.23' ],
157 silly audit   'language-tags': [ '1.0.9' ],
157 silly audit   leven: [ '3.1.0' ],
157 silly audit   levn: [ '0.4.1' ],
157 silly audit   'lighthouse-logger': [ '1.4.2' ],
157 silly audit   lightningcss: [ '1.32.0' ],
157 silly audit   'lightningcss-android-arm64': [ '1.32.0' ],
157 silly audit   'lightningcss-darwin-arm64': [ '1.32.0' ],
157 silly audit   'lightningcss-darwin-x64': [ '1.32.0' ],
157 silly audit   'lightningcss-freebsd-x64': [ '1.32.0' ],
157 silly audit   'lightningcss-linux-arm-gnueabihf': [ '1.32.0' ],
157 silly audit   'lightningcss-linux-arm64-gnu': [ '1.32.0' ],
157 silly audit   'lightningcss-linux-arm64-musl': [ '1.32.0' ],
157 silly audit   'lightningcss-linux-x64-gnu': [ '1.32.0' ],
157 silly audit   'lightningcss-linux-x64-musl': [ '1.32.0' ],
157 silly audit   'lightningcss-win32-arm64-msvc': [ '1.32.0' ],
157 silly audit   'lightningcss-win32-x64-msvc': [ '1.32.0' ],
157 silly audit   'locate-path': [ '6.0.0', '5.0.0' ],
157 silly audit   'lodash-es': [ '4.18.1' ],
157 silly audit   'lodash.merge': [ '4.6.2' ],
157 silly audit   'lodash.throttle': [ '4.1.1' ],
157 silly audit   'loose-envify': [ '1.4.0' ],
157 silly audit   'lucide-react': [ '1.8.0' ],
157 silly audit   'lz-string': [ '1.5.0' ],
157 silly audit   'magic-string': [ '0.30.21' ],
157 silly audit   magicast: [ '0.5.2' ],
157 silly audit   'make-dir': [ '4.0.0' ],
157 silly audit   makeerror: [ '1.0.12' ],
157 silly audit   marky: [ '1.3.0' ],
157 silly audit   'math-intrinsics': [ '1.1.0' ],
157 silly audit   'mdn-data': [ '2.27.1' ],
157 silly audit   'memoize-one': [ '5.2.1' ],
157 silly audit   'merge-options': [ '3.0.4' ],
157 silly audit   'merge-stream': [ '2.0.0' ],
157 silly audit   merge2: [ '1.4.1' ],
157 silly audit   metro: [ '0.84.2' ],
157 silly audit   'metro-babel-transformer': [ '0.84.2' ],
157 silly audit   'metro-cache': [ '0.84.2' ],
157 silly audit   'metro-cache-key': [ '0.84.2' ],
157 silly audit   'metro-config': [ '0.84.2' ],
157 silly audit   'metro-core': [ '0.84.2' ],
157 silly audit   'metro-file-map': [ '0.84.2' ],
157 silly audit   'metro-minify-terser': [ '0.84.2' ],
157 silly audit   'metro-resolver': [ '0.84.2' ],
157 silly audit   'metro-runtime': [ '0.84.2' ],
157 silly audit   'metro-source-map': [ '0.84.2' ],
157 silly audit   'metro-symbolicate': [ '0.84.2' ],
157 silly audit   'metro-transform-plugins': [ '0.84.2' ],
157 silly audit   'metro-transform-worker': [ '0.84.2' ],
157 silly audit   micromatch: [ '4.0.8' ],
157 silly audit   mime: [ '1.6.0' ],
157 silly audit   'mime-db': [ '1.54.0' ],
157 silly audit   'mime-types': [ '3.0.2' ],
157 silly audit   'min-indent': [ '1.0.1' ],
157 silly audit   minimist: [ '1.2.8' ],
157 silly audit   mkdirp: [ '1.0.4' ],
157 silly audit   nanoid: [ '3.3.11' ],
157 silly audit   'napi-postinstall': [ '0.3.4' ],
157 silly audit   'natural-compare': [ '1.4.0' ],
157 silly audit   negotiator: [ '1.0.0' ],
157 silly audit   next: [ '16.2.3' ],
157 silly audit   postcss: [ '8.4.31', '8.5.9' ],
157 silly audit   'node-exports-info': [ '1.6.0' ],
157 silly audit   'node-fetch': [ '2.7.0' ],
157 silly audit   'node-gyp-build': [ '4.8.4' ],
157 silly audit   'node-int64': [ '0.4.0' ],
157 silly audit   'node-releases': [ '2.0.37' ],
157 silly audit   nullthrows: [ '1.1.1' ],
157 silly audit   ob1: [ '0.84.2' ],
157 silly audit   'object-assign': [ '4.1.1' ],
157 silly audit   'object-inspect': [ '1.13.4' ],
157 silly audit   'object-keys': [ '1.1.1' ],
157 silly audit   'object.assign': [ '4.1.7' ],
157 silly audit   'object.entries': [ '1.1.9' ],
157 silly audit   'object.fromentries': [ '2.0.8' ],
157 silly audit   'object.groupby': [ '1.0.3' ],
157 silly audit   'object.values': [ '1.2.1' ],
157 silly audit   obug: [ '2.1.1' ],
157 silly audit   'on-finished': [ '2.3.0', '2.4.1' ],
157 silly audit   open: [ '7.4.2' ],
157 silly audit   optionator: [ '0.9.4' ],
157 silly audit   'own-keys': [ '1.0.1' ],
157 silly audit   'p-limit': [ '3.1.0', '2.3.0' ],
157 silly audit   'p-locate': [ '5.0.0', '4.1.0' ],
157 silly audit   'p-try': [ '2.2.0' ],
157 silly audit   'parent-module': [ '1.0.1' ],
157 silly audit   parse5: [ '8.0.0' ],
157 silly audit   parseurl: [ '1.3.3' ],
157 silly audit   'path-exists': [ '4.0.0' ],
157 silly audit   'path-key': [ '3.1.1' ],
157 silly audit   'path-parse': [ '1.0.7' ],
157 silly audit   pathe: [ '2.0.3' ],
157 silly audit   'pg-int8': [ '1.0.1' ],
157 silly audit   'pg-protocol': [ '1.13.0' ],
157 silly audit   'pg-types': [ '2.2.0' ],
157 silly audit   picocolors: [ '1.1.1' ],
157 silly audit   picomatch: [ '2.3.2', '4.0.4' ],
157 silly audit   pngjs: [ '5.0.0' ],
157 silly audit   'possible-typed-array-names': [ '1.1.0' ],
157 silly audit   'postgres-array': [ '2.0.0' ],
157 silly audit   'postgres-bytea': [ '1.0.1' ],
157 silly audit   'postgres-date': [ '1.0.7' ],
157 silly audit   'postgres-interval': [ '1.2.0' ],
157 silly audit   preact: [ '10.29.1' ],
157 silly audit   'prelude-ls': [ '1.2.1' ],
157 silly audit   prettier: [ '3.8.1' ],
157 silly audit   promise: [ '8.3.0' ],
157 silly audit   'prop-types': [ '15.8.1' ],
157 silly audit   punycode: [ '2.3.1' ],
157 silly audit   qrcode: [ '1.5.4' ],
157 silly audit   queue: [ '6.0.2' ],
157 silly audit   'queue-microtask': [ '1.2.3' ],
157 silly audit   'range-parser': [ '1.2.1' ],
157 silly audit   react: [ '19.2.4' ],
157 silly audit   'react-devtools-core': [ '6.1.5' ],
157 silly audit   'react-dom': [ '19.2.4' ],
157 silly audit   'react-force-graph-2d': [ '1.29.1' ],
157 silly audit   'react-kapsule': [ '2.5.7' ],
157 silly audit   'react-native': [ '0.85.0' ],
157 silly audit   'react-redux': [ '9.2.0' ],
157 silly audit   'react-refresh': [ '0.14.2' ],
157 silly audit   recharts: [ '3.8.1' ],
157 silly audit   redent: [ '3.0.0' ],
157 silly audit   redux: [ '5.0.1' ],
157 silly audit   'redux-thunk': [ '3.1.0' ],
157 silly audit   'reflect.getprototypeof': [ '1.0.10' ],
157 silly audit   'regenerator-runtime': [ '0.13.11' ],
157 silly audit   'regexp.prototype.flags': [ '1.5.4' ],
157 silly audit   'require-directory': [ '2.1.1' ],
157 silly audit   'require-from-string': [ '2.0.2' ],
157 silly audit   'require-main-filename': [ '2.0.0' ],
157 silly audit   reselect: [ '5.1.1' ],
157 silly audit   resolve: [ '2.0.0-next.6' ],
157 silly audit   'resolve-from': [ '4.0.0' ],
157 silly audit   'resolve-pkg-maps': [ '1.0.0' ],
157 silly audit   reusify: [ '1.1.0' ],
157 silly audit   rolldown: [ '1.0.0-rc.15' ],
157 silly audit   'rpc-websockets': [ '9.3.7' ],
157 silly audit   'utf-8-validate': [ '6.0.6' ],
157 silly audit   ws: [ '8.20.0', '7.5.10' ],
157 silly audit   'run-parallel': [ '1.2.0' ],
157 silly audit   'safe-array-concat': [ '1.1.3' ],
157 silly audit   'safe-buffer': [ '5.2.1' ],
157 silly audit   'safe-push-apply': [ '1.0.0' ],
157 silly audit   'safe-regex-test': [ '1.1.0' ],
157 silly audit   saxes: [ '6.0.0' ],
157 silly audit   scheduler: [ '0.27.0' ],
157 silly audit   send: [ '0.19.2' ],
157 silly audit   'serialize-error': [ '2.1.0' ],
157 silly audit   'serve-static': [ '1.16.3' ],
157 silly audit   'set-blocking': [ '2.0.0' ],
157 silly audit   'set-function-length': [ '1.2.2' ],
157 silly audit   'set-function-name': [ '2.0.2' ],
157 silly audit   'set-proto': [ '1.0.0' ],
157 silly audit   setprototypeof: [ '1.2.0' ],
157 silly audit   sharp: [ '0.34.5' ],
157 silly audit   'shebang-command': [ '2.0.0' ],
157 silly audit   'shebang-regex': [ '3.0.0' ],
157 silly audit   'shell-quote': [ '1.8.3' ],
157 silly audit   'side-channel': [ '1.1.0' ],
157 silly audit   'side-channel-list': [ '1.0.1' ],
157 silly audit   'side-channel-map': [ '1.0.1' ],
157 silly audit   'side-channel-weakmap': [ '1.0.2' ],
157 silly audit   siginfo: [ '2.0.0' ],
157 silly audit   sonner: [ '2.0.7' ],
157 silly audit   'source-map': [ '0.5.7', '0.6.1' ],
157 silly audit   'source-map-js': [ '1.2.1' ],
157 silly audit   'source-map-support': [ '0.5.21' ],
157 silly audit   'stable-hash': [ '0.0.5' ],
157 silly audit   stackback: [ '0.0.2' ],
157 silly audit   stackframe: [ '1.3.4' ],
157 silly audit   'stacktrace-parser': [ '0.1.11' ],
157 silly audit   'std-env': [ '4.0.0' ],
157 silly audit   'stop-iteration-iterator': [ '1.1.0' ],
157 silly audit   'stream-chain': [ '2.2.5' ],
157 silly audit   'stream-json': [ '1.9.1' ],
157 silly audit   'string-width': [ '4.2.3' ],
157 silly audit   'string.prototype.includes': [ '2.0.1' ],
157 silly audit   'string.prototype.matchall': [ '4.0.12' ],
157 silly audit   'string.prototype.repeat': [ '1.0.0' ],
157 silly audit   'string.prototype.trim': [ '1.2.10' ],
157 silly audit   'string.prototype.trimend': [ '1.0.9' ],
157 silly audit   'string.prototype.trimstart': [ '1.0.8' ],
157 silly audit   'strip-ansi': [ '6.0.1' ],
157 silly audit   'strip-bom': [ '3.0.0' ],
157 silly audit   'strip-indent': [ '3.0.0' ],
157 silly audit   'strip-json-comments': [ '3.1.1' ],
157 silly audit   'styled-jsx': [ '5.1.6' ],
157 silly audit   superstruct: [ '2.0.2' ],
157 silly audit   'supports-preserve-symlinks-flag': [ '1.0.0' ],
157 silly audit   'symbol-tree': [ '3.2.4' ],
157 silly audit   tailwindcss: [ '4.2.2' ],
157 silly audit   tapable: [ '2.3.2' ],
157 silly audit   terser: [ '5.46.1' ],
157 silly audit   'text-encoding-utf-8': [ '1.0.2' ],
157 silly audit   throat: [ '5.0.0' ],
157 silly audit   'tiny-invariant': [ '1.3.3' ],
157 silly audit   tinybench: [ '2.9.0' ],
157 silly audit   tinycolor2: [ '1.6.0' ],
157 silly audit   tinyexec: [ '1.1.1' ],
157 silly audit   tinyglobby: [ '0.2.16' ],
157 silly audit   fdir: [ '6.5.0' ],
157 silly audit   tinyrainbow: [ '3.1.0' ],
157 silly audit   tldts: [ '7.0.28' ],
157 silly audit   'tldts-core': [ '7.0.28' ],
157 silly audit   tmpl: [ '1.0.5' ],
157 silly audit   'to-regex-range': [ '5.0.1' ],
157 silly audit   toidentifier: [ '1.0.1' ],
157 silly audit   'tough-cookie': [ '6.0.1' ],
157 silly audit   'ts-api-utils': [ '2.5.0' ],
157 silly audit   'tsconfig-paths': [ '3.15.0' ],
157 silly audit   tslib: [ '2.8.1' ],
157 silly audit   'type-check': [ '0.4.0' ],
157 silly audit   'type-fest': [ '0.7.1' ],
157 silly audit   'typed-array-buffer': [ '1.0.3' ],
157 silly audit   'typed-array-byte-length': [ '1.0.3' ],
157 silly audit   'typed-array-byte-offset': [ '1.0.4' ],
157 silly audit   'typed-array-length': [ '1.0.7' ],
157 silly audit   typescript: [ '5.9.3' ],
157 silly audit   'typescript-eslint': [ '8.58.1' ],
157 silly audit   'unbox-primitive': [ '1.1.0' ],
157 silly audit   uncrypto: [ '0.1.3' ],
157 silly audit   undici: [ '7.24.7' ],
157 silly audit   'undici-types': [ '6.21.0' ],
157 silly audit   unpipe: [ '1.0.0' ],
157 silly audit   'unrs-resolver': [ '1.11.1' ],
157 silly audit   'update-browserslist-db': [ '1.2.3' ],
157 silly audit   'uri-js': [ '4.4.1' ],
157 silly audit   'use-sync-external-store': [ '1.6.0' ],
157 silly audit   'utils-merge': [ '1.0.1' ],
157 silly audit   'victory-vendor': [ '37.3.6' ],
157 silly audit   vite: [ '8.0.8' ],
157 silly audit   vitest: [ '4.1.4' ],
157 silly audit   vlq: [ '1.0.1' ],
157 silly audit   'w3c-xmlserializer': [ '5.0.0' ],
157 silly audit   walker: [ '1.0.8' ],
157 silly audit   'whatwg-fetch': [ '3.6.20' ],
157 silly audit   'whatwg-mimetype': [ '5.0.0' ],
157 silly audit   which: [ '2.0.2' ],
157 silly audit   'which-boxed-primitive': [ '1.1.1' ],
157 silly audit   'which-builtin-type': [ '1.2.1' ],
157 silly audit   'which-collection': [ '1.0.2' ],
157 silly audit   'which-module': [ '2.0.1' ],
157 silly audit   'which-typed-array': [ '1.1.20' ],
157 silly audit   'why-is-node-running': [ '2.3.0' ],
157 silly audit   'word-wrap': [ '1.2.5' ],
157 silly audit   'xml-name-validator': [ '5.0.0' ],
157 silly audit   xmlchars: [ '2.2.0' ],
157 silly audit   xtend: [ '4.0.2' ],
157 silly audit   yallist: [ '3.1.1' ],
157 silly audit   yaml: [ '2.8.3' ],
157 silly audit   'yocto-queue': [ '0.1.0' ],
157 silly audit   zod: [ '4.3.6' ],
157 silly audit   'zod-validation-error': [ '4.0.2' ],
157 silly audit   zustand: [ '5.0.12' ],
157 silly audit   tsx: [ '4.21.0' ],
157 silly audit   esbuild: [ '0.27.7' ],
157 silly audit   '@esbuild/aix-ppc64': [ '0.27.7' ],
157 silly audit   '@esbuild/android-arm': [ '0.27.7' ],
157 silly audit   '@esbuild/android-arm64': [ '0.27.7' ],
157 silly audit   '@esbuild/android-x64': [ '0.27.7' ],
157 silly audit   '@esbuild/darwin-arm64': [ '0.27.7' ],
157 silly audit   '@esbuild/darwin-x64': [ '0.27.7' ],
157 silly audit   '@esbuild/freebsd-arm64': [ '0.27.7' ],
157 silly audit   '@esbuild/freebsd-x64': [ '0.27.7' ],
157 silly audit   '@esbuild/linux-arm': [ '0.27.7' ],
157 silly audit   '@esbuild/linux-arm64': [ '0.27.7' ],
157 silly audit   '@esbuild/linux-ia32': [ '0.27.7' ],
157 silly audit   '@esbuild/linux-loong64': [ '0.27.7' ],
157 silly audit   '@esbuild/linux-mips64el': [ '0.27.7' ],
157 silly audit   '@esbuild/linux-ppc64': [ '0.27.7' ],
157 silly audit   '@esbuild/linux-riscv64': [ '0.27.7' ],
157 silly audit   '@esbuild/linux-s390x': [ '0.27.7' ],
157 silly audit   '@esbuild/linux-x64': [ '0.27.7' ],
157 silly audit   '@esbuild/netbsd-arm64': [ '0.27.7' ],
157 silly audit   '@esbuild/netbsd-x64': [ '0.27.7' ],
157 silly audit   '@esbuild/openbsd-arm64': [ '0.27.7' ],
157 silly audit   '@esbuild/openbsd-x64': [ '0.27.7' ],
157 silly audit   '@esbuild/openharmony-arm64': [ '0.27.7' ],
157 silly audit   '@esbuild/sunos-x64': [ '0.27.7' ],
157 silly audit   '@esbuild/win32-arm64': [ '0.27.7' ],
157 silly audit   '@esbuild/win32-ia32': [ '0.27.7' ],
157 silly audit   '@esbuild/win32-x64': [ '0.27.7' ]
157 silly audit }
158 http cache @esbuild/win32-x64@https://registry.npmjs.org/@esbuild/win32-x64/-/win32-x64-0.27.7.tgz 0ms (cache hit)
159 http cache esbuild@https://registry.npmjs.org/esbuild/-/esbuild-0.27.7.tgz 0ms (cache hit)
160 http cache tsx@https://registry.npmjs.org/tsx/-/tsx-4.21.0.tgz 0ms (cache hit)
161 silly tarball no local data for @esbuild/win32-x64@https://registry.npmjs.org/@esbuild/win32-x64/-/win32-x64-0.27.7.tgz. Extracting by manifest.
162 silly tarball no local data for esbuild@https://registry.npmjs.org/esbuild/-/esbuild-0.27.7.tgz. Extracting by manifest.
163 silly tarball no local data for tsx@https://registry.npmjs.org/tsx/-/tsx-4.21.0.tgz. Extracting by manifest.
164 http fetch GET 200 https://registry.npmjs.org/esbuild/-/esbuild-0.27.7.tgz 83ms (cache miss)
165 http fetch POST 200 https://registry.npmjs.org/-/npm/v1/security/advisories/bulk 209ms
166 silly audit report {}
167 http fetch GET 200 https://registry.npmjs.org/tsx/-/tsx-4.21.0.tgz 298ms (cache miss)
168 http fetch GET 200 https://registry.npmjs.org/@esbuild/win32-x64/-/win32-x64-0.27.7.tgz 346ms (cache miss)
169 silly ADD node_modules/@esbuild/win32-x64
170 silly ADD node_modules/esbuild
171 silly ADD node_modules/tsx
172 verbose cwd D:\ProiecteLIT\Scout\scout-dashboard
173 verbose os Windows_NT 10.0.26200
174 verbose node v22.17.0
175 verbose npm  v11.11.1
176 verbose exit 0
177 info ok
